TLC2 Version 2.18 of Day Month 20?? (rev: 5b3286b)
Running breadth-first search Model-Checking with fp 67 and seed -3575407683455352067 with 40 workers on 40 cores with 78507MB heap and 64MB offheap memory [pid: 2489] (Linux 3.10.0-1160.90.1.el7.x86_64 amd64, Red Hat, Inc. 11.0.19 x86_64, MSBDiskFPSet, DiskStateQueue).
Parsing file /root/MultiDecreeParliament.tla
Parsing file /tmp/tlc-14206212914844469531/Integers.tla (jar:file:/usr/local/lib/tla2tools.jar!/tla2sany/StandardModules/Integers.tla)
Parsing file /tmp/tlc-14206212914844469531/FiniteSets.tla (jar:file:/usr/local/lib/tla2tools.jar!/tla2sany/StandardModules/FiniteSets.tla)
Parsing file /tmp/tlc-14206212914844469531/TLC.tla (jar:file:/usr/local/lib/tla2tools.jar!/tla2sany/StandardModules/TLC.tla)
Parsing file /tmp/tlc-14206212914844469531/_TLCTrace.tla (jar:file:/usr/local/lib/tla2tools.jar!/tla2sany/StandardModules/_TLCTrace.tla)
Parsing file /tmp/tlc-14206212914844469531/Naturals.tla (jar:file:/usr/local/lib/tla2tools.jar!/tla2sany/StandardModules/Naturals.tla)
Parsing file /tmp/tlc-14206212914844469531/Sequences.tla (jar:file:/usr/local/lib/tla2tools.jar!/tla2sany/StandardModules/Sequences.tla)
Parsing file /tmp/tlc-14206212914844469531/TLCExt.tla (jar:file:/usr/local/lib/tla2tools.jar!/tla2sany/StandardModules/TLCExt.tla)
Semantic processing of module Naturals
Semantic processing of module Integers
Semantic processing of module Sequences
Semantic processing of module FiniteSets
Semantic processing of module TLC
Semantic processing of module TLCExt
Semantic processing of module _TLCTrace
Semantic processing of module MultiDecreeParliament
Starting... (2023-07-23 19:10:15)
Implied-temporal checking--satisfiability problem has 1 branches.
Computing initial states...
Finished computing initial states: 1 distinct state generated at 2023-07-23 19:10:16.
Checking temporal properties for the current state space with 19816 total distinct states at (2023-07-23 19:10:19)
Finished checking temporal properties in 00s at 2023-07-23 19:10:19
Progress(11) at 2023-07-23 19:10:19: 45,417 states generated (45,417 s/min), 19,827 distinct states found (19,827 ds/min), 13,374 states left on queue.
Checking temporal properties for the current state space with 969325 total distinct states at (2023-07-23 19:11:19)
Finished checking temporal properties in 11s at 2023-07-23 19:11:31
Progress(16) at 2023-07-23 19:11:31: 3,941,291 states generated (3,895,874 s/min), 969,325 distinct states found (949,498 ds/min), 500,265 states left on queue.
Checking temporal properties for the current state space with 1898638 total distinct states at (2023-07-23 19:12:31)
Finished checking temporal properties in 25s at 2023-07-23 19:12:56
Progress(17) at 2023-07-23 19:12:56: 8,109,746 states generated (4,168,455 s/min), 1,898,638 distinct states found (929,313 ds/min), 953,663 states left on queue.
Progress(18) at 2023-07-23 19:13:56: 12,313,221 states generated (4,203,475 s/min), 2,773,514 distinct states found (874,876 ds/min), 1,350,658 states left on queue.
Checking temporal properties for the current state space with 3618922 total distinct states at (2023-07-23 19:14:56)
Finished checking temporal properties in 51s at 2023-07-23 19:15:47
Progress(18) at 2023-07-23 19:15:47: 16,458,010 states generated (4,144,789 s/min), 3,618,922 distinct states found (845,408 ds/min), 1,728,514 states left on queue.
Progress(18) at 2023-07-23 19:16:47: 20,636,132 states generated (4,178,122 s/min), 4,440,853 distinct states found (821,931 ds/min), 2,078,249 states left on queue.
Progress(19) at 2023-07-23 19:17:47: 25,000,710 states generated (4,364,578 s/min), 5,227,586 distinct states found (786,733 ds/min), 2,378,165 states left on queue.
Checking temporal properties for the current state space with 6010037 total distinct states at (2023-07-23 19:18:47)
Finished checking temporal properties in 01min 27s at 2023-07-23 19:20:14
Progress(19) at 2023-07-23 19:20:14: 29,327,704 states generated (4,326,994 s/min), 6,010,112 distinct states found (782,526 ds/min), 2,680,220 states left on queue.
Progress(19) at 2023-07-23 19:21:14: 33,606,512 states generated (4,278,808 s/min), 6,757,375 distinct states found (747,263 ds/min), 2,958,557 states left on queue.
Progress(19) at 2023-07-23 19:22:14: 37,948,934 states generated (4,342,422 s/min), 7,518,585 distinct states found (761,210 ds/min), 3,238,864 states left on queue.
Progress(19) at 2023-07-23 19:23:14: 42,287,705 states generated (4,338,771 s/min), 8,261,877 distinct states found (743,292 ds/min), 3,500,134 states left on queue.
Progress(20) at 2023-07-23 19:24:14: 46,861,111 states generated (4,573,406 s/min), 8,980,553 distinct states found (718,676 ds/min), 3,725,075 states left on queue.
Progress(20) at 2023-07-23 19:25:14: 51,393,091 states generated (4,531,980 s/min), 9,723,577 distinct states found (743,024 ds/min), 3,968,614 states left on queue.
Checking temporal properties for the current state space with 10399432 total distinct states at (2023-07-23 19:26:14)
Finished checking temporal properties in 02min 54s at 2023-07-23 19:29:09
Progress(20) at 2023-07-23 19:29:09: 56,014,357 states generated (4,621,266 s/min), 10,400,368 distinct states found (676,791 ds/min), 4,167,564 states left on queue.
Progress(20) at 2023-07-23 19:30:09: 60,509,686 states generated (4,495,329 s/min), 11,088,263 distinct states found (687,895 ds/min), 4,373,854 states left on queue.
Progress(20) at 2023-07-23 19:31:09: 65,183,774 states generated (4,674,088 s/min), 11,790,587 distinct states found (702,324 ds/min), 4,580,907 states left on queue.
Progress(20) at 2023-07-23 19:32:09: 69,572,480 states generated (4,388,706 s/min), 12,489,237 distinct states found (698,650 ds/min), 4,799,901 states left on queue.
Progress(20) at 2023-07-23 19:33:09: 73,913,176 states generated (4,340,696 s/min), 13,173,944 distinct states found (684,707 ds/min), 5,007,406 states left on queue.
Progress(21) at 2023-07-23 19:34:09: 78,859,997 states generated (4,946,821 s/min), 13,826,925 distinct states found (652,981 ds/min), 5,151,340 states left on queue.
Progress(21) at 2023-07-23 19:35:09: 83,744,365 states generated (4,884,368 s/min), 14,503,846 distinct states found (676,921 ds/min), 5,320,490 states left on queue.
Progress(21) at 2023-07-23 19:36:09: 88,532,456 states generated (4,788,091 s/min), 15,173,814 distinct states found (669,968 ds/min), 5,485,020 states left on queue.
Progress(21) at 2023-07-23 19:37:09: 93,407,626 states generated (4,875,170 s/min), 15,786,946 distinct states found (613,132 ds/min), 5,612,076 states left on queue.
Progress(21) at 2023-07-23 19:38:09: 98,331,195 states generated (4,923,569 s/min), 16,424,388 distinct states found (637,442 ds/min), 5,756,159 states left on queue.
Progress(21) at 2023-07-23 19:39:09: 103,140,552 states generated (4,809,357 s/min), 17,046,403 distinct states found (622,015 ds/min), 5,890,363 states left on queue.
Progress(21) at 2023-07-23 19:40:09: 108,024,306 states generated (4,883,754 s/min), 17,694,147 distinct states found (647,744 ds/min), 6,039,059 states left on queue.
Checking temporal properties for the current state space with 18329970 total distinct states at (2023-07-23 19:41:09)
Finished checking temporal properties in 05min 44s at 2023-07-23 19:46:53
Checkpointing of run states/23-07-23-19-10-15.328
Checkpointing completed at (2023-07-23 19:46:53)
Progress(21) at 2023-07-23 19:46:53: 112,818,310 states generated (4,794,004 s/min), 18,336,673 distinct states found (642,526 ds/min), 6,187,575 states left on queue.
Progress(21) at 2023-07-23 19:47:53: 117,454,230 states generated (4,635,920 s/min), 18,981,085 distinct states found (644,412 ds/min), 6,342,520 states left on queue.
Progress(21) at 2023-07-23 19:48:53: 122,002,332 states generated (4,548,102 s/min), 19,629,396 distinct states found (648,311 ds/min), 6,500,387 states left on queue.
Progress(22) at 2023-07-23 19:49:53: 127,405,145 states generated (5,402,813 s/min), 20,209,481 distinct states found (580,085 ds/min), 6,566,206 states left on queue.
Progress(22) at 2023-07-23 19:50:53: 132,700,097 states generated (5,294,952 s/min), 20,821,608 distinct states found (612,127 ds/min), 6,661,444 states left on queue.
Progress(22) at 2023-07-23 19:51:53: 137,846,769 states generated (5,146,672 s/min), 21,461,840 distinct states found (640,232 ds/min), 6,781,266 states left on queue.
Progress(22) at 2023-07-23 19:52:53: 142,826,840 states generated (4,980,071 s/min), 22,068,758 distinct states found (606,918 ds/min), 6,886,566 states left on queue.
Progress(22) at 2023-07-23 19:53:53: 148,172,237 states generated (5,345,397 s/min), 22,623,424 distinct states found (554,666 ds/min), 6,945,152 states left on queue.
Progress(22) at 2023-07-23 19:54:53: 153,365,691 states generated (5,193,454 s/min), 23,200,736 distinct states found (577,312 ds/min), 7,030,732 states left on queue.
Progress(22) at 2023-07-23 19:55:53: 158,540,153 states generated (5,174,462 s/min), 23,774,367 distinct states found (573,631 ds/min), 7,108,299 states left on queue.
Progress(22) at 2023-07-23 19:56:53: 163,630,828 states generated (5,090,675 s/min), 24,354,961 distinct states found (580,594 ds/min), 7,195,246 states left on queue.
Progress(22) at 2023-07-23 19:57:53: 168,781,035 states generated (5,150,207 s/min), 24,946,224 distinct states found (591,263 ds/min), 7,284,780 states left on queue.
Progress(22) at 2023-07-23 19:58:53: 173,619,507 states generated (4,838,472 s/min), 25,529,389 distinct states found (583,165 ds/min), 7,386,662 states left on queue.
Progress(22) at 2023-07-23 19:59:53: 178,739,817 states generated (5,120,310 s/min), 26,118,445 distinct states found (589,056 ds/min), 7,473,499 states left on queue.
Progress(22) at 2023-07-23 20:00:53: 183,779,648 states generated (5,039,831 s/min), 26,704,802 distinct states found (586,357 ds/min), 7,557,974 states left on queue.
Progress(22) at 2023-07-23 20:01:54: 188,464,165 states generated (4,684,517 s/min), 27,299,299 distinct states found (594,497 ds/min), 7,666,916 states left on queue.
Progress(23) at 2023-07-23 20:02:54: 194,272,274 states generated (5,808,109 s/min), 27,824,527 distinct states found (525,228 ds/min), 7,675,832 states left on queue.
Progress(23) at 2023-07-23 20:03:54: 199,107,873 states generated (4,835,599 s/min), 28,317,249 distinct states found (492,722 ds/min), 7,715,081 states left on queue.
Progress(23) at 2023-07-23 20:04:54: 204,640,504 states generated (5,532,631 s/min), 28,885,844 distinct states found (568,595 ds/min), 7,767,366 states left on queue.
Progress(23) at 2023-07-23 20:05:54: 210,248,649 states generated (5,608,145 s/min), 29,456,954 distinct states found (571,110 ds/min), 7,810,563 states left on queue.
Progress(23) at 2023-07-23 20:06:54: 215,496,825 states generated (5,248,176 s/min), 30,011,748 distinct states found (554,794 ds/min), 7,866,480 states left on queue.
Progress(23) at 2023-07-23 20:07:54: 221,112,470 states generated (5,615,645 s/min), 30,508,145 distinct states found (496,397 ds/min), 7,873,695 states left on queue.
Progress(23) at 2023-07-23 20:08:54: 226,709,796 states generated (5,597,326 s/min), 31,038,459 distinct states found (530,314 ds/min), 7,905,766 states left on queue.
Checking temporal properties for the current state space with 31539790 total distinct states at (2023-07-23 20:09:54)
Finished checking temporal properties in 10min 37s at 2023-07-23 20:20:31
Progress(23) at 2023-07-23 20:20:31: 231,965,017 states generated (5,255,221 s/min), 31,567,252 distinct states found (528,793 ds/min), 7,947,053 states left on queue.
Checkpointing of run states/23-07-23-19-10-15.328
Checkpointing completed at (2023-07-23 20:21:32)
Progress(23) at 2023-07-23 20:21:32: 237,516,848 states generated (5,551,831 s/min), 32,093,263 distinct states found (526,011 ds/min), 7,970,028 states left on queue.
Progress(23) at 2023-07-23 20:22:32: 242,937,368 states generated (5,420,520 s/min), 32,633,105 distinct states found (539,842 ds/min), 8,013,327 states left on queue.
Progress(23) at 2023-07-23 20:23:32: 248,755,677 states generated (5,818,309 s/min), 33,175,911 distinct states found (542,806 ds/min), 8,030,437 states left on queue.
Progress(23) at 2023-07-23 20:24:32: 253,954,547 states generated (5,198,870 s/min), 33,721,045 distinct states found (545,134 ds/min), 8,085,711 states left on queue.
Progress(23) at 2023-07-23 20:25:32: 259,275,460 states generated (5,320,913 s/min), 34,262,637 distinct states found (541,592 ds/min), 8,126,730 states left on queue.
Progress(23) at 2023-07-23 20:26:32: 264,622,200 states generated (5,346,740 s/min), 34,800,589 distinct states found (537,952 ds/min), 8,160,472 states left on queue.
Progress(23) at 2023-07-23 20:27:32: 269,685,950 states generated (5,063,750 s/min), 35,361,668 distinct states found (561,079 ds/min), 8,219,873 states left on queue.
Progress(23) at 2023-07-23 20:28:32: 275,475,307 states generated (5,789,357 s/min), 35,843,131 distinct states found (481,463 ds/min), 8,204,133 states left on queue.
Progress(24) at 2023-07-23 20:29:32: 281,435,690 states generated (5,960,383 s/min), 36,364,375 distinct states found (521,244 ds/min), 8,199,580 states left on queue.
Progress(24) at 2023-07-23 20:30:32: 287,516,159 states generated (6,080,469 s/min), 36,863,533 distinct states found (499,158 ds/min), 8,179,371 states left on queue.
Progress(24) at 2023-07-23 20:31:32: 293,360,768 states generated (5,844,609 s/min), 37,396,193 distinct states found (532,660 ds/min), 8,186,810 states left on queue.
Progress(24) at 2023-07-23 20:32:32: 298,885,868 states generated (5,525,100 s/min), 37,916,032 distinct states found (519,839 ds/min), 8,197,696 states left on queue.
Progress(24) at 2023-07-23 20:33:32: 304,901,557 states generated (6,015,689 s/min), 38,391,030 distinct states found (474,998 ds/min), 8,168,037 states left on queue.
Progress(24) at 2023-07-23 20:34:32: 310,706,223 states generated (5,804,666 s/min), 38,839,851 distinct states found (448,821 ds/min), 8,135,143 states left on queue.
Progress(24) at 2023-07-23 20:35:32: 316,611,259 states generated (5,905,036 s/min), 39,325,675 distinct states found (485,824 ds/min), 8,120,110 states left on queue.
Progress(24) at 2023-07-23 20:36:32: 322,367,234 states generated (5,755,975 s/min), 39,803,254 distinct states found (477,579 ds/min), 8,102,425 states left on queue.
Progress(24) at 2023-07-23 20:37:32: 328,121,806 states generated (5,754,572 s/min), 40,283,011 distinct states found (479,757 ds/min), 8,084,877 states left on queue.
Progress(24) at 2023-07-23 20:38:32: 333,837,538 states generated (5,715,732 s/min), 40,786,052 distinct states found (503,041 ds/min), 8,086,650 states left on queue.
Progress(24) at 2023-07-23 20:39:32: 340,082,843 states generated (6,245,305 s/min), 41,274,270 distinct states found (488,218 ds/min), 8,045,380 states left on queue.
Progress(24) at 2023-07-23 20:40:32: 345,440,238 states generated (5,357,395 s/min), 41,771,410 distinct states found (497,140 ds/min), 8,059,802 states left on queue.
Progress(24) at 2023-07-23 20:41:32: 351,172,541 states generated (5,732,303 s/min), 42,265,777 distinct states found (494,367 ds/min), 8,047,063 states left on queue.
Progress(24) at 2023-07-23 20:42:32: 356,751,444 states generated (5,578,903 s/min), 42,750,155 distinct states found (484,378 ds/min), 8,034,231 states left on queue.
Progress(24) at 2023-07-23 20:43:32: 362,271,532 states generated (5,520,088 s/min), 43,277,101 distinct states found (526,946 ds/min), 8,046,452 states left on queue.
Progress(24) at 2023-07-23 20:44:32: 367,991,857 states generated (5,720,325 s/min), 43,726,151 distinct states found (449,050 ds/min), 8,007,275 states left on queue.
Progress(24) at 2023-07-23 20:45:32: 374,423,591 states generated (6,431,734 s/min), 44,196,463 distinct states found (470,312 ds/min), 7,947,180 states left on queue.
Progress(25) at 2023-07-23 20:46:32: 380,843,994 states generated (6,420,403 s/min), 44,642,237 distinct states found (445,774 ds/min), 7,876,673 states left on queue.
Progress(25) at 2023-07-23 20:47:32: 386,971,206 states generated (6,127,212 s/min), 45,130,123 distinct states found (487,886 ds/min), 7,841,146 states left on queue.
Progress(25) at 2023-07-23 20:48:32: 393,113,529 states generated (6,142,323 s/min), 45,594,740 distinct states found (464,617 ds/min), 7,784,545 states left on queue.
Progress(25) at 2023-07-23 20:49:32: 399,176,549 states generated (6,063,020 s/min), 46,038,306 distinct states found (443,566 ds/min), 7,728,972 states left on queue.
Progress(25) at 2023-07-23 20:50:32: 405,250,252 states generated (6,073,703 s/min), 46,445,144 distinct states found (406,838 ds/min), 7,656,516 states left on queue.
Checkpointing of run states/23-07-23-19-10-15.328
Checkpointing completed at (2023-07-23 20:51:33)
Progress(25) at 2023-07-23 20:51:33: 411,660,086 states generated (6,409,834 s/min), 46,888,156 distinct states found (443,012 ds/min), 7,589,584 states left on queue.
Progress(25) at 2023-07-23 20:52:33: 417,637,454 states generated (5,977,368 s/min), 47,318,785 distinct states found (430,629 ds/min), 7,529,405 states left on queue.
Progress(25) at 2023-07-23 20:53:33: 423,823,191 states generated (6,185,737 s/min), 47,754,453 distinct states found (435,668 ds/min), 7,461,090 states left on queue.
Progress(25) at 2023-07-23 20:54:33: 429,938,144 states generated (6,114,953 s/min), 48,213,332 distinct states found (458,879 ds/min), 7,413,825 states left on queue.
Progress(25) at 2023-07-23 20:55:33: 436,362,538 states generated (6,424,394 s/min), 48,656,555 distinct states found (443,223 ds/min), 7,336,467 states left on queue.
Progress(25) at 2023-07-23 20:56:33: 442,188,176 states generated (5,825,638 s/min), 49,106,286 distinct states found (449,731 ds/min), 7,291,548 states left on queue.
Progress(25) at 2023-07-23 20:57:33: 448,139,392 states generated (5,951,216 s/min), 49,557,697 distinct states found (451,411 ds/min), 7,238,730 states left on queue.
Progress(25) at 2023-07-23 20:58:33: 454,166,719 states generated (6,027,327 s/min), 50,005,328 distinct states found (447,631 ds/min), 7,178,231 states left on queue.
Progress(25) at 2023-07-23 20:59:33: 459,629,379 states generated (5,462,660 s/min), 50,456,551 distinct states found (451,223 ds/min), 7,146,393 states left on queue.
Progress(25) at 2023-07-23 21:00:33: 465,795,231 states generated (6,165,852 s/min), 50,860,293 distinct states found (403,742 ds/min), 7,054,465 states left on queue.
Progress(25) at 2023-07-23 21:01:33: 472,581,008 states generated (6,785,777 s/min), 51,283,307 distinct states found (423,014 ds/min), 6,950,589 states left on queue.
Checking temporal properties for the current state space with 51597540 total distinct states at (2023-07-23 21:02:33)
Finished checking temporal properties in 21min 30s at 2023-07-23 21:24:03
Progress(26) at 2023-07-23 21:24:03: 479,291,533 states generated (6,710,525 s/min), 51,697,904 distinct states found (414,597 ds/min), 6,843,232 states left on queue.
Checkpointing of run states/23-07-23-19-10-15.328
Checkpointing completed at (2023-07-23 21:25:03)
Progress(26) at 2023-07-23 21:25:03: 485,920,666 states generated (6,629,133 s/min), 52,134,350 distinct states found (436,446 ds/min), 6,747,387 states left on queue.
Progress(26) at 2023-07-23 21:26:03: 491,917,064 states generated (5,996,398 s/min), 52,543,694 distinct states found (409,344 ds/min), 6,664,562 states left on queue.
Progress(26) at 2023-07-23 21:27:03: 498,525,766 states generated (6,608,702 s/min), 52,912,622 distinct states found (368,928 ds/min), 6,544,802 states left on queue.
Progress(26) at 2023-07-23 21:28:03: 505,157,245 states generated (6,631,479 s/min), 53,303,901 distinct states found (391,279 ds/min), 6,435,124 states left on queue.
Progress(26) at 2023-07-23 21:29:03: 511,498,027 states generated (6,340,782 s/min), 53,689,217 distinct states found (385,316 ds/min), 6,328,274 states left on queue.
Progress(26) at 2023-07-23 21:30:03: 518,048,765 states generated (6,550,738 s/min), 54,096,873 distinct states found (407,656 ds/min), 6,223,400 states left on queue.
Progress(26) at 2023-07-23 21:31:03: 524,687,249 states generated (6,638,484 s/min), 54,503,567 distinct states found (406,694 ds/min), 6,117,176 states left on queue.
Progress(26) at 2023-07-23 21:32:03: 530,830,891 states generated (6,143,642 s/min), 54,912,681 distinct states found (409,114 ds/min), 6,030,896 states left on queue.
Progress(26) at 2023-07-23 21:33:03: 537,468,504 states generated (6,637,613 s/min), 55,304,689 distinct states found (392,008 ds/min), 5,909,940 states left on queue.
Progress(26) at 2023-07-23 21:34:03: 543,541,257 states generated (6,072,753 s/min), 55,719,068 distinct states found (414,379 ds/min), 5,824,138 states left on queue.
Progress(26) at 2023-07-23 21:35:03: 549,817,909 states generated (6,276,652 s/min), 56,151,898 distinct states found (432,830 ds/min), 5,736,310 states left on queue.
Progress(26) at 2023-07-23 21:36:03: 556,274,150 states generated (6,456,241 s/min), 56,522,410 distinct states found (370,512 ds/min), 5,609,790 states left on queue.
Progress(27) at 2023-07-23 21:37:03: 563,512,155 states generated (7,238,005 s/min), 56,898,870 distinct states found (376,460 ds/min), 5,456,447 states left on queue.
Progress(27) at 2023-07-23 21:38:04: 570,377,633 states generated (6,865,478 s/min), 57,283,566 distinct states found (384,696 ds/min), 5,321,177 states left on queue.
Progress(27) at 2023-07-23 21:39:04: 576,741,788 states generated (6,364,155 s/min), 57,661,454 distinct states found (377,888 ds/min), 5,199,173 states left on queue.
Progress(27) at 2023-07-23 21:40:04: 583,653,803 states generated (6,912,015 s/min), 57,992,290 distinct states found (330,836 ds/min), 5,041,833 states left on queue.
Progress(27) at 2023-07-23 21:41:04: 590,701,871 states generated (7,048,068 s/min), 58,341,562 distinct states found (349,272 ds/min), 4,886,864 states left on queue.
Progress(27) at 2023-07-23 21:42:04: 597,235,709 states generated (6,533,838 s/min), 58,699,967 distinct states found (358,405 ds/min), 4,750,583 states left on queue.
Progress(27) at 2023-07-23 21:43:04: 604,382,848 states generated (7,147,139 s/min), 59,073,127 distinct states found (373,160 ds/min), 4,601,072 states left on queue.
Progress(27) at 2023-07-23 21:44:04: 610,925,516 states generated (6,542,668 s/min), 59,437,258 distinct states found (364,131 ds/min), 4,470,339 states left on queue.
Progress(27) at 2023-07-23 21:45:04: 617,603,864 states generated (6,678,348 s/min), 59,802,073 distinct states found (364,815 ds/min), 4,327,609 states left on queue.
Progress(27) at 2023-07-23 21:46:04: 624,438,346 states generated (6,834,482 s/min), 60,182,369 distinct states found (380,296 ds/min), 4,183,304 states left on queue.
Progress(27) at 2023-07-23 21:47:04: 630,926,664 states generated (6,488,318 s/min), 60,536,063 distinct states found (353,694 ds/min), 4,040,838 states left on queue.
Progress(27) at 2023-07-23 21:48:04: 638,534,969 states generated (7,608,305 s/min), 60,872,017 distinct states found (335,954 ds/min), 3,847,631 states left on queue.
Progress(27) at 2023-07-23 21:49:04: 645,570,121 states generated (7,035,152 s/min), 61,211,826 distinct states found (339,809 ds/min), 3,673,877 states left on queue.
Progress(27) at 2023-07-23 21:50:04: 652,492,436 states generated (6,922,315 s/min), 61,516,902 distinct states found (305,076 ds/min), 3,494,042 states left on queue.
Progress(27) at 2023-07-23 21:51:04: 659,595,147 states generated (7,102,711 s/min), 61,833,739 distinct states found (316,837 ds/min), 3,310,725 states left on queue.
Progress(28) at 2023-07-23 21:52:04: 667,028,975 states generated (7,433,828 s/min), 62,168,953 distinct states found (335,214 ds/min), 3,124,035 states left on queue.
Progress(28) at 2023-07-23 21:53:04: 674,072,324 states generated (7,043,349 s/min), 62,489,390 distinct states found (320,437 ds/min), 2,941,969 states left on queue.
Progress(28) at 2023-07-23 21:54:04: 681,111,581 states generated (7,039,257 s/min), 62,825,935 distinct states found (336,545 ds/min), 2,763,656 states left on queue.
Checkpointing of run states/23-07-23-19-10-15.328
Checkpointing completed at (2023-07-23 21:55:04)
Progress(28) at 2023-07-23 21:55:04: 688,224,914 states generated (7,113,333 s/min), 63,158,267 distinct states found (332,332 ds/min), 2,578,520 states left on queue.
Progress(28) at 2023-07-23 21:56:04: 696,052,099 states generated (7,827,185 s/min), 63,461,258 distinct states found (302,991 ds/min), 2,347,003 states left on queue.
Progress(28) at 2023-07-23 21:57:04: 703,362,223 states generated (7,310,124 s/min), 63,736,341 distinct states found (275,083 ds/min), 2,124,977 states left on queue.
Progress(29) at 2023-07-23 21:58:04: 710,931,897 states generated (7,569,674 s/min), 64,026,415 distinct states found (290,074 ds/min), 1,899,903 states left on queue.
Progress(29) at 2023-07-23 21:59:04: 718,364,291 states generated (7,432,394 s/min), 64,319,076 distinct states found (292,661 ds/min), 1,676,101 states left on queue.
Progress(29) at 2023-07-23 22:00:04: 725,935,373 states generated (7,571,082 s/min), 64,613,974 distinct states found (294,898 ds/min), 1,444,209 states left on queue.
Progress(29) at 2023-07-23 22:01:04: 733,881,547 states generated (7,946,174 s/min), 64,863,878 distinct states found (249,904 ds/min), 1,165,592 states left on queue.
Progress(30) at 2023-07-23 22:02:04: 741,932,304 states generated (8,050,757 s/min), 65,115,026 distinct states found (251,148 ds/min), 882,188 states left on queue.
Progress(30) at 2023-07-23 22:03:04: 750,080,910 states generated (8,148,606 s/min), 65,365,325 distinct states found (250,299 ds/min), 584,617 states left on queue.
Progress(31) at 2023-07-23 22:04:04: 757,824,662 states generated (7,743,752 s/min), 65,562,071 distinct states found (196,746 ds/min), 271,541 states left on queue.
Progress(33) at 2023-07-23 22:04:41: 763,561,969 states generated, 65,659,825 distinct states found, 0 states left on queue.
Checking temporal properties for the complete state space with 65659825 total distinct states at (2023-07-23 22:04:41)
Finished checking temporal properties in 29min 58s at 2023-07-23 22:34:40
Model checking completed. No error has been found.
  Estimates of the probability that TLC did not check all reachable states
  because two distinct states had the same fingerprint:
  calculated (optimistic):  val = .0025
  based on the actual fingerprints:  val = 6.8E-5
763561969 states generated, 65659825 distinct states found, 0 states left on queue.
The depth of the complete state graph search is 33.
The average outdegree of the complete state graph is 1 (minimum is 0, the maximum 13 and the 95th percentile is 3).
Finished in 03h 24min at (2023-07-23 22:34:47)
